--------------------------------------------------------------------------
[[32684,1],0]: A high-performance Open MPI point-to-point messaging module
was unable to find any relevant network interfaces:

Module: OpenFabrics (openib)
  Host: issdm-5

Another transport will be used instead, although this may result in
lower performance.
--------------------------------------------------------------------------
-- started at 06/04/2015 11:43:32 --

mdtest-1.9.1 was launched with 1 total task(s) on 1 node(s)
Command line used: /user/msevilla/programs/mdtest/mdtest -n 100000 -F -C -d /mnt/cephfs/shared
Path: /mnt/cephfs
FS: 4.1 TiB   Used FS: 0.0%   Inodes: 0.0 Mi   Used Inodes: 105.0%

1 tasks, 100000 files

SUMMARY: (of 1 iterations)
   Operation                      Max            Min           Mean        Std Dev
   ---------                      ---            ---           ----        -------
   File creation     :        448.290        448.290        448.290          0.000
   File stat         :          0.000          0.000          0.000          0.000
   File read         :          0.000          0.000          0.000          0.000
   File removal      :          0.000          0.000          0.000          0.000
   Tree creation     :        788.700        788.700        788.700          0.000
   Tree removal      :          0.000          0.000          0.000          0.000

-- finished at 06/04/2015 11:47:15 --
